#
# There is insufficient memory for the Java Runtime Environment to continue.
# Native memory allocation (malloc) failed to allocate 1877456 bytes for Chunk::new
# Possible reasons:
#   The system is out of physical RAM or swap space
#   The process is running with CompressedOops enabled, and the Java Heap may be blocking the growth of the native heap
# Possible solutions:
#   Reduce memory load on the system
#   Increase physical memory or swap space
#   Check if swap backing store is full
#   Decrease Java heap size (-Xmx/-Xms)
#   Decrease number of Java threads
#   Decrease Java thread stack sizes (-Xss)
#   Set larger code cache with -XX:ReservedCodeCacheSize=
#   JVM is running with Unscaled Compressed Oops mode in which the Java heap is
#     placed in the first 4GB address space. The Java Heap base address is the
#     maximum limit for the native heap growth. Please use -XX:HeapBaseMinAddress
#     to set the Java Heap base and to place the Java Heap above 4GB virtual address.
# This output file may be truncated or incomplete.
#
#  Out of Memory Error (allocation.cpp:389), pid=6884, tid=0x00000000000047cc
#
# JRE version: OpenJDK Runtime Environment (8.0_242-b01) (build 1.8.0_242-release-1644-b01)
# Java VM: OpenJDK 64-Bit Server VM (25.242-b01 mixed mode windows-amd64 compressed oops)
# Failed to write core dump. Minidumps are not enabled by default on client versions of Windows
#

---------------  T H R E A D  ---------------

Current thread (0x000000001461b000):  JavaThread "C2 CompilerThread1" daemon [_thread_in_native, id=18380, stack(0x0000000015d60000,0x0000000015e60000)]

Stack: [0x0000000015d60000,0x0000000015e60000]
[error occurred during error reporting (printing stack bounds), id 0xc0000005]

Native frames: (J=compiled Java code, j=interpreted, Vv=VM code, C=native code)


Current CompileTask:
C2:1184657 6503   !   4       com.sun.beans.TypeResolver::resolve (274 bytes)


---------------  P R O C E S S  ---------------

Java Threads: ( => current thread )
  0x0000000019450000 JavaThread "Memory manager" [_thread_blocked, id=11960, stack(0x0000000026c40000,0x0000000026d40000)]
  0x000000001944d800 JavaThread "pool-1-thread-1" [_thread_blocked, id=18416, stack(0x0000000026740000,0x0000000026840000)]
  0x0000000019451800 JavaThread "jar transforms Thread 94" [_thread_blocked, id=10340, stack(0x0000000026440000,0x0000000026540000)]
  0x000000001944d000 JavaThread "jar transforms Thread 93" [_thread_blocked, id=14100, stack(0x0000000026340000,0x0000000026440000)]
  0x000000001944c000 JavaThread "jar transforms Thread 92" [_thread_blocked, id=13864, stack(0x0000000026240000,0x0000000026340000)]
  0x000000001944f000 JavaThread "jar transforms Thread 91" [_thread_blocked, id=560, stack(0x0000000026140000,0x0000000026240000)]
  0x000000001944e800 JavaThread "jar transforms Thread 90" [_thread_blocked, id=12812, stack(0x0000000026040000,0x0000000026140000)]
  0x0000000019444800 JavaThread "jar transforms Thread 89" [_thread_blocked, id=12852, stack(0x0000000025f40000,0x0000000026040000)]
  0x000000001944b800 JavaThread "jar transforms Thread 88" [_thread_blocked, id=6356, stack(0x0000000025e40000,0x0000000025f40000)]
  0x0000000019448800 JavaThread "jar transforms Thread 87" [_thread_blocked, id=10040, stack(0x0000000025d40000,0x0000000025e40000)]
  0x0000000019447800 JavaThread "jar transforms Thread 86" [_thread_blocked, id=18164, stack(0x0000000025b40000,0x0000000025c40000)]
  0x0000000019444000 JavaThread "jar transforms Thread 85" [_thread_blocked, id=11844, stack(0x0000000025a40000,0x0000000025b40000)]
  0x0000000019449000 JavaThread "jar transforms Thread 84" [_thread_blocked, id=10736, stack(0x0000000025940000,0x0000000025a40000)]
  0x0000000019445800 JavaThread "jar transforms Thread 83" [_thread_blocked, id=12956, stack(0x0000000025840000,0x0000000025940000)]
  0x000000001944a800 JavaThread "jar transforms Thread 82" [_thread_blocked, id=2556, stack(0x0000000025740000,0x0000000025840000)]
  0x0000000019447000 JavaThread "jar transforms Thread 81" [_thread_blocked, id=13840, stack(0x0000000025640000,0x0000000025740000)]
  0x0000000019443000 JavaThread "jar transforms Thread 80" [_thread_blocked, id=12808, stack(0x0000000025540000,0x0000000025640000)]
  0x000000001944a000 JavaThread "jar transforms Thread 79" [_thread_blocked, id=4956, stack(0x0000000025440000,0x0000000025540000)]
  0x0000000019446000 JavaThread "jar transforms Thread 78" [_thread_blocked, id=16400, stack(0x0000000025340000,0x0000000025440000)]
  0x000000001ae31800 JavaThread "jar transforms Thread 77" [_thread_blocked, id=10812, stack(0x0000000025240000,0x0000000025340000)]
  0x000000001ae2c800 JavaThread "jar transforms Thread 76" [_thread_blocked, id=6032, stack(0x0000000025140000,0x0000000025240000)]
  0x000000001ae31000 JavaThread "jar transforms Thread 75" [_thread_blocked, id=4864, stack(0x0000000025040000,0x0000000025140000)]
  0x000000001ae2b800 JavaThread "jar transforms Thread 74" [_thread_blocked, id=16352, stack(0x0000000024f40000,0x0000000025040000)]
  0x000000001ae2e800 JavaThread "jar transforms Thread 73" [_thread_blocked, id=1028, stack(0x0000000024e40000,0x0000000024f40000)]
  0x000000001ae2d000 JavaThread "jar transforms Thread 72" [_thread_blocked, id=1088, stack(0x0000000024d40000,0x0000000024e40000)]
  0x000000001ae30000 JavaThread "jar transforms Thread 71" [_thread_blocked, id=14508, stack(0x0000000024c40000,0x0000000024d40000)]
  0x000000001ae2e000 JavaThread "jar transforms Thread 70" [_thread_blocked, id=9948, stack(0x0000000024b40000,0x0000000024c40000)]
  0x000000001ae2f800 JavaThread "jar transforms Thread 69" [_thread_blocked, id=16448, stack(0x0000000024a40000,0x0000000024b40000)]
  0x000000001ae32800 JavaThread "jar transforms Thread 68" [_thread_blocked, id=17880, stack(0x0000000024940000,0x0000000024a40000)]
  0x000000001ae2b000 JavaThread "jar transforms Thread 67" [_thread_blocked, id=8472, stack(0x0000000024840000,0x0000000024940000)]
  0x000000001ae23800 JavaThread "jar transforms Thread 66" [_thread_blocked, id=17548, stack(0x0000000024740000,0x0000000024840000)]
  0x000000001ae2a000 JavaThread "jar transforms Thread 65" [_thread_blocked, id=4992, stack(0x0000000024640000,0x0000000024740000)]
  0x000000001ae28000 JavaThread "jar transforms Thread 64" [_thread_blocked, id=10012, stack(0x0000000024540000,0x0000000024640000)]
  0x000000001ae27000 JavaThread "jar transforms Thread 63" [_thread_blocked, id=6696, stack(0x0000000024440000,0x0000000024540000)]
  0x000000001ae29800 JavaThread "jar transforms Thread 62" [_thread_blocked, id=13376, stack(0x0000000024340000,0x0000000024440000)]
  0x000000001ae26800 JavaThread "jar transforms Thread 61" [_thread_blocked, id=10588, stack(0x0000000024240000,0x0000000024340000)]
  0x000000001ae28800 JavaThread "jar transforms Thread 60" [_thread_blocked, id=832, stack(0x0000000024140000,0x0000000024240000)]
  0x000000001ae25800 JavaThread "jar transforms Thread 59" [_thread_blocked, id=6700, stack(0x0000000024040000,0x0000000024140000)]
  0x000000001ae25000 JavaThread "jar transforms Thread 58" [_thread_blocked, id=18100, stack(0x0000000023f40000,0x0000000024040000)]
  0x000000001ae24000 JavaThread "jar transforms Thread 57" [_thread_blocked, id=4860, stack(0x0000000023e40000,0x0000000023f40000)]
  0x000000001ab0b000 JavaThread "jar transforms Thread 56" [_thread_blocked, id=15536, stack(0x0000000023d40000,0x0000000023e40000)]
  0x000000001ab0d000 JavaThread "jar transforms Thread 55" [_thread_blocked, id=2588, stack(0x0000000023c40000,0x0000000023d40000)]
  0x000000001ab0a000 JavaThread "jar transforms Thread 54" [_thread_blocked, id=10900, stack(0x0000000023b40000,0x0000000023c40000)]
  0x000000001ab0e800 JavaThread "jar transforms Thread 53" [_thread_blocked, id=15644, stack(0x0000000023a40000,0x0000000023b40000)]
  0x000000001ab11000 JavaThread "jar transforms Thread 52" [_thread_blocked, id=13452, stack(0x0000000023940000,0x0000000023a40000)]
  0x000000001ab0e000 JavaThread "jar transforms Thread 51" [_thread_blocked, id=5376, stack(0x0000000023840000,0x0000000023940000)]
  0x000000001ab0b800 JavaThread "jar transforms Thread 50" [_thread_blocked, id=13448, stack(0x0000000023740000,0x0000000023840000)]
  0x000000001ab09800 JavaThread "jar transforms Thread 49" [_thread_blocked, id=11692, stack(0x0000000023640000,0x0000000023740000)]
  0x000000001ab0c800 JavaThread "jar transforms Thread 48" [_thread_blocked, id=5244, stack(0x0000000023540000,0x0000000023640000)]
  0x000000001ab10000 JavaThread "jar transforms Thread 47" [_thread_blocked, id=5228, stack(0x0000000023440000,0x0000000023540000)]
  0x000000001ab0f800 JavaThread "jar transforms Thread 46" [_thread_blocked, id=14552, stack(0x0000000023340000,0x0000000023440000)]
  0x000000001ab02000 JavaThread "jar transforms Thread 45" [_thread_blocked, id=13488, stack(0x0000000023240000,0x0000000023340000)]
  0x000000001ab03800 JavaThread "jar transforms Thread 44" [_thread_blocked, id=10484, stack(0x0000000023140000,0x0000000023240000)]
  0x000000001ab02800 JavaThread "jar transforms Thread 43" [_thread_blocked, id=16908, stack(0x0000000023040000,0x0000000023140000)]
  0x000000001ab08000 JavaThread "jar transforms Thread 42" [_thread_blocked, id=1872, stack(0x0000000022f40000,0x0000000023040000)]
  0x000000001ab07000 JavaThread "jar transforms Thread 41" [_thread_blocked, id=16312, stack(0x0000000022e40000,0x0000000022f40000)]
  0x000000001ab05000 JavaThread "jar transforms Thread 40" [_thread_blocked, id=15796, stack(0x0000000022d40000,0x0000000022e40000)]
  0x000000001ab08800 JavaThread "jar transforms Thread 39" [_thread_blocked, id=16632, stack(0x0000000022c40000,0x0000000022d40000)]
  0x000000001ab06800 JavaThread "jar transforms Thread 38" [_thread_blocked, id=5232, stack(0x0000000022b40000,0x0000000022c40000)]
  0x000000001ab04000 JavaThread "jar transforms Thread 37" [_thread_blocked, id=9148, stack(0x0000000022a40000,0x0000000022b40000)]
  0x000000001ab05800 JavaThread "jar transforms Thread 36" [_thread_blocked, id=12580, stack(0x0000000022940000,0x0000000022a40000)]
  0x0000000015f78000 JavaThread "jar transforms Thread 35" [_thread_blocked, id=10892, stack(0x0000000022840000,0x0000000022940000)]
  0x0000000015f77000 JavaThread "jar transforms Thread 34" [_thread_blocked, id=16096, stack(0x0000000022740000,0x0000000022840000)]
  0x0000000015f6f800 JavaThread "jar transforms Thread 33" [_thread_blocked, id=17784, stack(0x0000000022640000,0x0000000022740000)]
  0x0000000015f76800 JavaThread "jar transforms Thread 32" [_thread_blocked, id=7296, stack(0x0000000022540000,0x0000000022640000)]
  0x0000000015f6f000 JavaThread "jar transforms Thread 31" [_thread_blocked, id=18048, stack(0x0000000022440000,0x0000000022540000)]
  0x0000000015f75800 JavaThread "jar transforms Thread 30" [_thread_blocked, id=18004, stack(0x0000000022340000,0x0000000022440000)]
  0x0000000015f75000 JavaThread "jar transforms Thread 29" [_thread_blocked, id=7484, stack(0x0000000022240000,0x0000000022340000)]
  0x0000000015f73800 JavaThread "jar transforms Thread 28" [_thread_blocked, id=10972, stack(0x0000000022140000,0x0000000022240000)]
  0x0000000015f74000 JavaThread "jar transforms Thread 27" [_thread_blocked, id=15228, stack(0x0000000022040000,0x0000000022140000)]
  0x0000000015f72800 JavaThread "jar transforms Thread 26" [_thread_blocked, id=8260, stack(0x0000000021f40000,0x0000000022040000)]
  0x0000000015f6b000 JavaThread "jar transforms Thread 25" [_thread_blocked, id=13200, stack(0x0000000021e40000,0x0000000021f40000)]
  0x0000000015f72000 JavaThread "jar transforms Thread 24" [_thread_blocked, id=16728, stack(0x0000000021d40000,0x0000000021e40000)]
  0x0000000015f6a000 JavaThread "jar transforms Thread 23" [_thread_blocked, id=17220, stack(0x0000000021c40000,0x0000000021d40000)]
  0x0000000015f71000 JavaThread "jar transforms Thread 22" [_thread_blocked, id=68, stack(0x0000000021b40000,0x0000000021c40000)]
  0x0000000015f6d800 JavaThread "jar transforms Thread 21" [_thread_blocked, id=6768, stack(0x0000000021a40000,0x0000000021b40000)]
  0x0000000015f70800 JavaThread "jar transforms Thread 20" [_thread_blocked, id=14240, stack(0x0000000021940000,0x0000000021a40000)]
  0x0000000015f68800 JavaThread "jar transforms Thread 19" [_thread_blocked, id=16408, stack(0x0000000021840000,0x0000000021940000)]
  0x0000000015f69800 JavaThread "jar transforms Thread 18" [_thread_blocked, id=6864, stack(0x0000000021740000,0x0000000021840000)]
  0x0000000015f6c800 JavaThread "jar transforms Thread 17" [_thread_blocked, id=15460, stack(0x0000000021640000,0x0000000021740000)]
  0x0000000015f6e000 JavaThread "jar transforms Thread 16" [_thread_blocked, id=4376, stack(0x0000000021540000,0x0000000021640000)]
  0x0000000015f6b800 JavaThread "jar transforms Thread 15" [_thread_blocked, id=9084, stack(0x0000000021440000,0x0000000021540000)]
  0x000000001687f800 JavaThread "jar transforms Thread 14" [_thread_blocked, id=16580, stack(0x0000000021340000,0x0000000021440000)]
  0x0000000016fec800 JavaThread "jar transforms Thread 13" [_thread_blocked, id=12680, stack(0x0000000021240000,0x0000000021340000)]
  0x0000000016fe8800 JavaThread "jar transforms Thread 12" [_thread_blocked, id=12292, stack(0x0000000021140000,0x0000000021240000)]
  0x0000000016fe8000 JavaThread "jar transforms Thread 11" [_thread_blocked, id=2904, stack(0x0000000021040000,0x0000000021140000)]
  0x0000000016feb800 JavaThread "jar transforms Thread 10" [_thread_blocked, id=11048, stack(0x0000000020f40000,0x0000000021040000)]
  0x0000000016feb000 JavaThread "jar transforms Thread 9" [_thread_blocked, id=16224, stack(0x0000000020e40000,0x0000000020f40000)]
  0x0000000016fe9800 JavaThread "jar transforms Thread 8" [_thread_blocked, id=15876, stack(0x0000000020d40000,0x0000000020e40000)]
  0x0000000016fea000 JavaThread "jar transforms Thread 7" [_thread_blocked, id=13092, stack(0x0000000020c40000,0x0000000020d40000)]
  0x0000000016fe0800 JavaThread "jar transforms Thread 6" [_thread_blocked, id=1204, stack(0x000000001fa90000,0x000000001fb90000)]
  0x0000000016fe7000 JavaThread "jar transforms Thread 5" [_thread_blocked, id=2576, stack(0x000000001f990000,0x000000001fa90000)]
  0x0000000016fe6800 JavaThread "jar transforms Thread 4" [_thread_blocked, id=10312, stack(0x000000001f890000,0x000000001f990000)]
  0x0000000016fe5800 JavaThread "Build operations Thread 4" [_thread_blocked, id=2512, stack(0x000000001f790000,0x000000001f890000)]
  0x0000000016fe5000 JavaThread "Build operations Thread 3" [_thread_blocked, id=3076, stack(0x000000001f690000,0x000000001f790000)]
  0x0000000016fe4000 JavaThread "Build operations Thread 2" [_thread_blocked, id=13780, stack(0x000000001f590000,0x000000001f690000)]
  0x0000000016fdf800 JavaThread "Build operations" [_thread_blocked, id=8496, stack(0x000000001f490000,0x000000001f590000)]
  0x0000000016fe2000 JavaThread "Cache worker for Build Output Cleanup Cache (C:\igniteDemo\CHAMP\android\.gradle\buildOutputCleanup)" [_thread_blocked, id=3496, stack(0x000000001d6c0000,0x000000001d7c0000)]
  0x0000000016fde000 JavaThread "jar transforms Thread 3" [_thread_blocked, id=2040, stack(0x0000000019f80000,0x000000001a080000)]
  0x0000000016881800 JavaThread "Cache worker for file content cache (C:\Users\vadal\.gradle\caches\6.7\fileContent)" [_thread_blocked, id=12804, stack(0x000000001d7c0000,0x000000001d8c0000)]
  0x0000000016886000 JavaThread "Cache worker for execution history cache (C:\Users\vadal\.gradle\caches\6.7\executionHistory)" [_thread_blocked, id=6668, stack(0x000000001c1f0000,0x000000001c2f0000)]
  0x0000000016884800 JavaThread "Cache worker for cache directory md-rule (C:\Users\vadal\.gradle\caches\6.7\md-rule)" [_thread_blocked, id=228, stack(0x000000001c0f0000,0x000000001c1f0000)]
  0x0000000016884000 JavaThread "Cache worker for cache directory md-supplier (C:\Users\vadal\.gradle\caches\6.7\md-supplier)" [_thread_blocked, id=9436, stack(0x000000001bff0000,0x000000001c0f0000)]
  0x0000000016881000 JavaThread "Cache worker for checksums cache (C:\igniteDemo\CHAMP\android\.gradle\checksums)" [_thread_blocked, id=12136, stack(0x000000001bef0000,0x000000001bff0000)]
  0x0000000016882800 JavaThread "Cache worker for file hash cache (C:\igniteDemo\CHAMP\android\.gradle\6.7\fileHashes)" [_thread_blocked, id=10496, stack(0x000000001bbf0000,0x000000001bcf0000)]
  0x0000000016883000 JavaThread "Cache worker for journal cache (C:\Users\vadal\.gradle\caches\journal-1)" [_thread_blocked, id=7452, stack(0x000000001b8f0000,0x000000001b9f0000)]
  0x0000000016880000 JavaThread "File lock request listener" [_thread_in_native, id=11652, stack(0x000000001b6e0000,0x000000001b7e0000)]
  0x0000000016885800 JavaThread "Cache worker for file hash cache (C:\Users\vadal\.gradle\caches\6.7\fileHashes)" [_thread_blocked, id=15848, stack(0x000000001b350000,0x000000001b450000)]
  0x0000000018d34000 JavaThread "Thread-9" [_thread_blocked, id=16692, stack(0x000000001a080000,0x000000001a180000)]
  0x0000000018d28000 JavaThread "Asynchronous log dispatcher for DefaultDaemonConnection: socket connection from /127.0.0.1:52589 to /127.0.0.1:52591" [_thread_blocked, id=4000, stack(0x0000000019e80000,0x0000000019f80000)]
  0x0000000017165800 JavaThread "Daemon worker" [_thread_in_native, id=2768, stack(0x0000000019d80000,0x0000000019e80000)]
  0x000000001620b800 JavaThread "Cancel handler" [_thread_blocked, id=8280, stack(0x0000000019c80000,0x0000000019d80000)]
  0x0000000017667800 JavaThread "Handler for socket connection from /127.0.0.1:52589 to /127.0.0.1:52591" [_thread_in_native, id=12688, stack(0x0000000018bb0000,0x0000000018cb0000)]
  0x0000000017666800 JavaThread "Daemon" [_thread_blocked, id=9612, stack(0x0000000018ab0000,0x0000000018bb0000)]
  0x0000000017656000 JavaThread "Daemon periodic checks" [_thread_blocked, id=14848, stack(0x00000000187b0000,0x00000000188b0000)]
  0x000000001656f000 JavaThread "Incoming local TCP Connector on port 52589" [_thread_in_native, id=1364, stack(0x0000000018570000,0x0000000018670000)]
  0x0000000017971000 JavaThread "Daemon health stats" [_thread_blocked, id=5544, stack(0x0000000017f30000,0x0000000018030000)]
  0x000000001466e000 JavaThread "Service Thread" daemon [_thread_blocked, id=3648, stack(0x0000000016360000,0x0000000016460000)]
  0x0000000014628000 JavaThread "C1 CompilerThread2" daemon [_thread_blocked, id=1372, stack(0x0000000015e60000,0x0000000015f60000)]
=>0x000000001461b000 JavaThread "C2 CompilerThread1" daemon [_thread_in_native, id=18380, stack(0x0000000015d60000,0x0000000015e60000)]
  0x0000000014616000 JavaThread "C2 CompilerThread0" daemon [_thread_in_native, id=4624, stack(0x0000000015c60000,0x0000000015d60000)]
  0x0000000014615000 JavaThread "Attach Listener" daemon [_thread_blocked, id=3396, stack(0x0000000015b60000,0x0000000015c60000)]
  0x0000000014612800 JavaThread "Signal Dispatcher" daemon [_thread_blocked, id=7100, stack(0x0000000015a60000,0x0000000015b60000)]
  0x00000000031eb800 JavaThread "Finalizer" daemon [_thread_blocked, id=15532, stack(0x0000000015860000,0x0000000015960000)]
  0x00000000145f9000 JavaThread "Reference Handler" daemon [_thread_blocked, id=14172, stack(0x0000000015760000,0x0000000015860000)]
  0x0000000002f0e800 JavaThread "main" [_thread_blocked, id=256, stack(0x0000000002ff0000,0x00000000030f0000)]

Other Threads:
  0x00000000145d7000 VMThread [stack: 0x0000000015660000,0x0000000015760000] [id=108]
  0x000000001466e800 WatcherThread [stack: 0x0000000016460000,0x0000000016560000] [id=13640]

VM state:not at safepoint (normal execution)

VM Mutex/Monitor currently owned by a thread: None

heap address: 0x00000000e0000000, size: 512 MB, Compressed Oops mode: 32-bit
Narrow klass base: 0x0000000000000000, Narrow klass shift: 3
Compressed class space size: 1073741824 Address: 0x0000000100000000

Heap:
 PSYoungGen      total 119808K, used 105379K [0x00000000f5580000, 0x00000000fef00000, 0x0000000100000000)
  eden space 89600K, 97% used [0x00000000f5580000,0x00000000fab04630,0x00000000fad00000)
  from space 30208K, 58% used [0x00000000fd180000,0x00000000fe2e48a8,0x00000000fef00000)
  to   space 33792K, 0% used [0x00000000fad00000,0x00000000fad00000,0x00000000fce00000)
 ParOldGen       total 175104K, used 18006K [0x00000000e0000000, 0x00000000eab00000, 0x00000000f5580000)
  object space 175104K, 10% used [0x00000000e0000000,0x00000000e1195968,0x00000000eab00000)
 Metaspace       used 55003K, capacity 57766K, committed 58032K, reserved 1099776K
  class space    used 7320K, capacity 8022K, committed 8112K, reserved 1048576K

Card table byte_map: [0x00000000125b0000,0x00000000126c0000] byte_map_base: 0x0000000011eb0000

Marking Bits: (ParMarkBitMap*) 0x000000005e07f030
 Begin Bits: [0x0000000012b70000, 0x0000000013370000)
 End Bits:   [0x0000000013370000, 0x0000000013b70000)

Polling page: 0x0000000002f10000

CodeCache: size=245760Kb used=19211Kb max_used=19224Kb free=226548Kb
 bounds [0x00000000031f0000, 0x0000000004500000, 0x00000000121f0000]
 total_blobs=6462 nmethods=5683 adapters=692
 compilation: enabled

Compilation events (10 events):
Event: 1184.504 Thread 0x0000000014628000 6546       3       org.codehaus.groovy.reflection.stdclasses.CachedSAMClass$1::run (8 bytes)
Event: 1184.504 Thread 0x0000000014628000 nmethod 6546 0x0000000003c7fed0 code [0x0000000003c80060, 0x0000000003c80378]
Event: 1184.520 Thread 0x0000000014628000 6547       2       java.lang.Class::getMethod0 (40 bytes)
Event: 1184.521 Thread 0x0000000014628000 nmethod 6547 0x0000000003c1b410 code [0x0000000003c1b5a0, 0x0000000003c1b818]
Event: 1184.521 Thread 0x0000000014628000 6549       2       java.lang.Class::privateGetMethodRecursive (130 bytes)
Event: 1184.522 Thread 0x0000000014628000 nmethod 6549 0x0000000003c15250 code [0x0000000003c15420, 0x0000000003c157f8]
Event: 1184.536 Thread 0x0000000014628000 6550       3       groovy.lang.MetaClassImpl$MethodIndexAction::iterate (119 bytes)
Event: 1184.537 Thread 0x0000000014628000 nmethod 6550 0x00000000034a05d0 code [0x00000000034a07c0, 0x00000000034a1298]
Event: 1184.541 Thread 0x0000000014628000 6551       3       java.beans.Introspector::getTargetMethodInfo (252 bytes)
Event: 1184.543 Thread 0x0000000014628000 nmethod 6551 0x00000000035821d0 code [0x00000000035824a0, 0x0000000003583528]

GC Heap History (10 events):
Event: 1087.113 GC heap before
{Heap before GC invocations=10 (full 2):
 PSYoungGen      total 124928K, used 27106K [0x00000000f5580000, 0x0000000100000000, 0x0000000100000000)
  eden space 97792K, 0% used [0x00000000f5580000,0x00000000f5580000,0x00000000fb500000)
  from space 27136K, 99% used [0x00000000fe580000,0x00000000ffff8b88,0x0000000100000000)
  to   space 38400K, 0% used [0x00000000fb500000,0x00000000fb500000,0x00000000fda80000)
 ParOldGen       total 175104K, used 36384K [0x00000000e0000000, 0x00000000eab00000, 0x00000000f5580000)
  object space 175104K, 20% used [0x00000000e0000000,0x00000000e2388258,0x00000000eab00000)
 Metaspace       used 34270K, capacity 35418K, committed 35496K, reserved 1079296K
  class space    used 4607K, capacity 4870K, committed 4912K, reserved 1048576K
Event: 1090.333 GC heap after
Heap after GC invocations=10 (full 2):
 PSYoungGen      total 124928K, used 0K [0x00000000f5580000, 0x0000000100000000, 0x0000000100000000)
  eden space 97792K, 0% used [0x00000000f5580000,0x00000000f5580000,0x00000000fb500000)
  from space 27136K, 0% used [0x00000000fe580000,0x00000000fe580000,0x0000000100000000)
  to   space 38400K, 0% used [0x00000000fb500000,0x00000000fb500000,0x00000000fda80000)
 ParOldGen       total 175104K, used 17982K [0x00000000e0000000, 0x00000000eab00000, 0x00000000f5580000)
  object space 175104K, 10% used [0x00000000e0000000,0x00000000e118f968,0x00000000eab00000)
 Metaspace       used 34134K, capacity 35176K, committed 35496K, reserved 1079296K
  class space    used 4576K, capacity 4811K, committed 4912K, reserved 1048576K
}
Event: 1095.916 GC heap before
{Heap before GC invocations=11 (full 2):
 PSYoungGen      total 124928K, used 97792K [0x00000000f5580000, 0x0000000100000000, 0x0000000100000000)
  eden space 97792K, 100% used [0x00000000f5580000,0x00000000fb500000,0x00000000fb500000)
  from space 27136K, 0% used [0x00000000fe580000,0x00000000fe580000,0x0000000100000000)
  to   space 38400K, 0% used [0x00000000fb500000,0x00000000fb500000,0x00000000fda80000)
 ParOldGen       total 175104K, used 17982K [0x00000000e0000000, 0x00000000eab00000, 0x00000000f5580000)
  object space 175104K, 10% used [0x00000000e0000000,0x00000000e118f968,0x00000000eab00000)
 Metaspace       used 34499K, capacity 35670K, committed 35888K, reserved 1081344K
  class space    used 4607K, capacity 4882K, committed 4912K, reserved 1048576K
Event: 1095.996 GC heap after
Heap after GC invocations=11 (full 2):
 PSYoungGen      total 115200K, used 19376K [0x00000000f5580000, 0x00000000ffb00000, 0x0000000100000000)
  eden space 95744K, 0% used [0x00000000f5580000,0x00000000f5580000,0x00000000fb300000)
  from space 19456K, 99% used [0x00000000fb500000,0x00000000fc7ec010,0x00000000fc800000)
  to   space 36864K, 0% used [0x00000000fd700000,0x00000000fd700000,0x00000000ffb00000)
 ParOldGen       total 175104K, used 17990K [0x00000000e0000000, 0x00000000eab00000, 0x00000000f5580000)
  object space 175104K, 10% used [0x00000000e0000000,0x00000000e1191968,0x00000000eab00000)
 Metaspace       used 34499K, capacity 35670K, committed 35888K, reserved 1081344K
  class space    used 4607K, capacity 4882K, committed 4912K, reserved 1048576K
}
Event: 1162.745 GC heap before
{Heap before GC invocations=12 (full 2):
 PSYoungGen      total 115200K, used 115120K [0x00000000f5580000, 0x00000000ffb00000, 0x0000000100000000)
  eden space 95744K, 100% used [0x00000000f5580000,0x00000000fb300000,0x00000000fb300000)
  from space 19456K, 99% used [0x00000000fb500000,0x00000000fc7ec010,0x00000000fc800000)
  to   space 36864K, 0% used [0x00000000fd700000,0x00000000fd700000,0x00000000ffb00000)
 ParOldGen       total 175104K, used 17990K [0x00000000e0000000, 0x00000000eab00000, 0x00000000f5580000)
  object space 175104K, 10% used [0x00000000e0000000,0x00000000e1191968,0x00000000eab00000)
 Metaspace       used 38267K, capacity 39802K, committed 39856K, reserved 1083392K
  class space    used 5122K, capacity 5530K, committed 5552K, reserved 1048576K
Event: 1162.771 GC heap after
Heap after GC invocations=12 (full 2):
 PSYoungGen      total 126464K, used 12307K [0x00000000f5580000, 0x00000000ff700000, 0x0000000100000000)
  eden space 93696K, 0% used [0x00000000f5580000,0x00000000f5580000,0x00000000fb100000)
  from space 32768K, 37% used [0x00000000fd700000,0x00000000fe304ef0,0x00000000ff700000)
  to   space 35840K, 0% used [0x00000000fb100000,0x00000000fb100000,0x00000000fd400000)
 ParOldGen       total 175104K, used 17990K [0x00000000e0000000, 0x00000000eab00000, 0x00000000f5580000)
  object space 175104K, 10% used [0x00000000e0000000,0x00000000e1191968,0x00000000eab00000)
 Metaspace       used 38267K, capacity 39802K, committed 39856K, reserved 1083392K
  class space    used 5122K, capacity 5530K, committed 5552K, reserved 1048576K
}
Event: 1169.661 GC heap before
{Heap before GC invocations=13 (full 2):
 PSYoungGen      total 126464K, used 106003K [0x00000000f5580000, 0x00000000ff700000, 0x0000000100000000)
  eden space 93696K, 100% used [0x00000000f5580000,0x00000000fb100000,0x00000000fb100000)
  from space 32768K, 37% used [0x00000000fd700000,0x00000000fe304ef0,0x00000000ff700000)
  to   space 35840K, 0% used [0x00000000fb100000,0x00000000fb100000,0x00000000fd400000)
 ParOldGen       total 175104K, used 17990K [0x00000000e0000000, 0x00000000eab00000, 0x00000000f5580000)
  object space 175104K, 10% used [0x00000000e0000000,0x00000000e1191968,0x00000000eab00000)
 Metaspace       used 41562K, capacity 43494K, committed 43824K, reserved 1087488K
  class space    used 5590K, capacity 6088K, committed 6192K, reserved 1048576K
Event: 1169.675 GC heap after
Heap after GC invocations=13 (full 2):
 PSYoungGen      total 102400K, used 10691K [0x00000000f5580000, 0x00000000ff400000, 0x0000000100000000)
  eden space 91648K, 0% used [0x00000000f5580000,0x00000000f5580000,0x00000000faf00000)
  from space 10752K, 99% used [0x00000000fb100000,0x00000000fbb70f70,0x00000000fbb80000)
  to   space 35328K, 0% used [0x00000000fd180000,0x00000000fd180000,0x00000000ff400000)
 ParOldGen       total 175104K, used 17998K [0x00000000e0000000, 0x00000000eab00000, 0x00000000f5580000)
  object space 175104K, 10% used [0x00000000e0000000,0x00000000e1193968,0x00000000eab00000)
 Metaspace       used 41562K, capacity 43494K, committed 43824K, reserved 1087488K
  class space    used 5590K, capacity 6088K, committed 6192K, reserved 1048576K
}
Event: 1179.425 GC heap before
{Heap before GC invocations=14 (full 2):
 PSYoungGen      total 102400K, used 102339K [0x00000000f5580000, 0x00000000ff400000, 0x0000000100000000)
  eden space 91648K, 100% used [0x00000000f5580000,0x00000000faf00000,0x00000000faf00000)
  from space 10752K, 99% used [0x00000000fb100000,0x00000000fbb70f70,0x00000000fbb80000)
  to   space 35328K, 0% used [0x00000000fd180000,0x00000000fd180000,0x00000000ff400000)
 ParOldGen       total 175104K, used 17998K [0x00000000e0000000, 0x00000000eab00000, 0x00000000f5580000)
  object space 175104K, 10% used [0x00000000e0000000,0x00000000e1193968,0x00000000eab00000)
 Metaspace       used 49671K, capacity 52096K, committed 52400K, reserved 1093632K
  class space    used 6654K, capacity 7264K, committed 7344K, reserved 1048576K
Event: 1179.453 GC heap after
Heap after GC invocations=14 (full 2):
 PSYoungGen      total 119808K, used 17810K [0x00000000f5580000, 0x00000000fef00000, 0x0000000100000000)
  eden space 89600K, 0% used [0x00000000f5580000,0x00000000f5580000,0x00000000fad00000)
  from space 30208K, 58% used [0x00000000fd180000,0x00000000fe2e48a8,0x00000000fef00000)
  to   space 33792K, 0% used [0x00000000fad00000,0x00000000fad00000,0x00000000fce00000)
 ParOldGen       total 175104K, used 18006K [0x00000000e0000000, 0x00000000eab00000, 0x00000000f5580000)
  object space 175104K, 10% used [0x00000000e0000000,0x00000000e1195968,0x00000000eab00000)
 Metaspace       used 49671K, capacity 52096K, committed 52400K, reserved 1093632K
  class space    used 6654K, capacity 7264K, committed 7344K, reserved 1048576K
}

Deoptimization events (10 events):
Event: 1184.022 Thread 0x0000000017165800 Uncommon trap: reason=array_check action=maybe_recompile pc=0x00000000044ae558 method=java.util.AbstractCollection.toArray([Ljava/lang/Object;)[Ljava/lang/Object; @ 119
Event: 1184.023 Thread 0x0000000017165800 Uncommon trap: reason=array_check action=maybe_recompile pc=0x00000000044ae558 method=java.util.AbstractCollection.toArray([Ljava/lang/Object;)[Ljava/lang/Object; @ 119
Event: 1184.051 Thread 0x0000000019450000 Uncommon trap: reason=array_check action=maybe_recompile pc=0x00000000044ae558 method=java.util.AbstractCollection.toArray([Ljava/lang/Object;)[Ljava/lang/Object; @ 119
Event: 1184.059 Thread 0x0000000017165800 Uncommon trap: reason=array_check action=maybe_recompile pc=0x00000000044ae558 method=java.util.AbstractCollection.toArray([Ljava/lang/Object;)[Ljava/lang/Object; @ 119
Event: 1184.126 Thread 0x0000000017165800 Uncommon trap: reason=unstable_if action=reinterpret pc=0x0000000003e9e750 method=groovy.lang.MetaClassImpl.checkIfStdMethod(Lgroovy/lang/MetaMethod;)V @ 55
Event: 1184.129 Thread 0x0000000017165800 Uncommon trap: reason=unstable_if action=reinterpret pc=0x000000000423d370 method=org.codehaus.groovy.runtime.metaclass.MetaMethodIndex.copyNonPrivateNonNewMetaMethods(Lorg/codehaus/groovy/runtime/metaclass/MetaMethodIndex$Entry;Lorg/codehaus/groovy/runti
Event: 1184.136 Thread 0x0000000017165800 Uncommon trap: reason=unstable_if action=reinterpret pc=0x0000000003b5e540 method=groovy.lang.MetaClassImpl$1MOPIter.methodNameAction(Ljava/lang/Class;Lorg/codehaus/groovy/runtime/metaclass/MetaMethodIndex$Entry;)V @ 182
Event: 1184.520 Thread 0x0000000017165800 Uncommon trap: reason=null_check action=make_not_entrant pc=0x00000000044b4f6c method=java.lang.Class.searchMethods([Ljava/lang/reflect/Method;Ljava/lang/String;[Ljava/lang/Class;)Ljava/lang/reflect/Method; @ 59
Event: 1184.521 Thread 0x0000000017165800 Uncommon trap: reason=null_check action=make_not_entrant pc=0x00000000044d5568 method=java.lang.Class.searchMethods([Ljava/lang/reflect/Method;Ljava/lang/String;[Ljava/lang/Class;)Ljava/lang/reflect/Method; @ 59
Event: 1184.521 Thread 0x0000000017165800 Uncommon trap: reason=null_check action=make_not_entrant pc=0x0000000003970750 method=java.lang.Class.searchMethods([Ljava/lang/reflect/Method;Ljava/lang/String;[Ljava/lang/Class;)Ljava/lang/reflect/Method; @ 59

Classes redefined (0 events):
No events

Internal exceptions (10 events):
Event: 1184.490 Thread 0x0000000017165800 Exception <a 'java/lang/ClassNotFoundException': com/android/build/gradle/internal/CompileOptionsCustomizer> (0x00000000fa3bbf08) thrown at [C:\src\AOSP-openjdk-git\hotspot\src\share\vm\classfile\systemDictionary.cpp, line 210]
Event: 1184.491 Thread 0x0000000017165800 Exception <a 'java/lang/ClassNotFoundException': com/android/build/gradle/internal/CompileOptions_DecoratedCustomizer> (0x00000000fa3ec550) thrown at [C:\src\AOSP-openjdk-git\hotspot\src\share\vm\classfile\systemDictionary.cpp, line 210]
Event: 1184.538 Thread 0x0000000017165800 Exception <a 'java/lang/ClassNotFoundException': com/android/build/gradle/internal/dsl/DefaultConfig_DecoratedBeanInfo> (0x00000000fa561e70) thrown at [C:\src\AOSP-openjdk-git\hotspot\src\share\vm\classfile\systemDictionary.cpp, line 210]
Event: 1184.539 Thread 0x0000000017165800 Exception <a 'java/lang/ClassNotFoundException': com/android/build/gradle/internal/dsl/DefaultConfigBeanInfo> (0x00000000fa57e4a0) thrown at [C:\src\AOSP-openjdk-git\hotspot\src\share\vm\classfile\systemDictionary.cpp, line 210]
Event: 1184.539 Thread 0x0000000017165800 Exception <a 'java/lang/ClassNotFoundException': com/android/build/gradle/internal/dsl/BaseFlavorBeanInfo> (0x00000000fa599948) thrown at [C:\src\AOSP-openjdk-git\hotspot\src\share\vm\classfile\systemDictionary.cpp, line 210]
Event: 1184.540 Thread 0x0000000017165800 Exception <a 'java/lang/ClassNotFoundException': com/android/builder/core/AbstractProductFlavorBeanInfo> (0x00000000fa5b4210) thrown at [C:\src\AOSP-openjdk-git\hotspot\src\share\vm\classfile\systemDictionary.cpp, line 210]
Event: 1184.541 Thread 0x0000000017165800 Exception <a 'java/lang/ClassNotFoundException': com/android/builder/core/AbstractProductFlavorCustomizer> (0x00000000fa5cf5f0) thrown at [C:\src\AOSP-openjdk-git\hotspot\src\share\vm\classfile\systemDictionary.cpp, line 210]
Event: 1184.545 Thread 0x0000000017165800 Exception <a 'java/lang/ClassNotFoundException': com/android/build/gradle/internal/dsl/BaseFlavorCustomizer> (0x00000000fa63e158) thrown at [C:\src\AOSP-openjdk-git\hotspot\src\share\vm\classfile\systemDictionary.cpp, line 210]
Event: 1184.549 Thread 0x0000000017165800 Exception <a 'java/lang/ClassNotFoundException': com/android/build/gradle/internal/dsl/DefaultConfigCustomizer> (0x00000000fa6ecb20) thrown at [C:\src\AOSP-openjdk-git\hotspot\src\share\vm\classfile\systemDictionary.cpp, line 210]
Event: 1184.551 Thread 0x0000000017165800 Exception <a 'java/lang/ClassNotFoundException': com/android/build/gradle/internal/dsl/DefaultConfig_DecoratedCustomizer> (0x00000000fa72c340) thrown at [C:\src\AOSP-openjdk-git\hotspot\src\share\vm\classfile\systemDictionary.cpp, line 210]

Events (10 events):
Event: 1184.548 loading class com/android/build/gradle/internal/dsl/DefaultConfigCustomizer
Event: 1184.548 loading class com/android/build/gradle/internal/dsl/DefaultConfigCustomizer done
Event: 1184.549 loading class com/android/build/gradle/internal/dsl/DefaultConfigCustomizer
Event: 1184.549 loading class com/android/build/gradle/internal/dsl/DefaultConfigCustomizer done
Event: 1184.550 loading class com/android/build/gradle/internal/dsl/DefaultConfig_DecoratedCustomizer
Event: 1184.550 loading class com/android/build/gradle/internal/dsl/DefaultConfig_DecoratedCustomizer done
Event: 1184.551 loading class com/android/build/gradle/internal/dsl/DefaultConfig_DecoratedCustomizer
Event: 1184.551 loading class com/android/build/gradle/internal/dsl/DefaultConfig_DecoratedCustomizer done
Event: 1184.557 loading class com/android/builder/core/DefaultApiVersion
Event: 1184.557 loading class com/android/builder/core/DefaultApiVersion done


Dynamic libraries:
0x00007ff74fae0000 - 0x00007ff74fb11000 	C:\Program Files\Android\Android Studio\jre\bin\java.exe
0x00007ffa189d0000 - 0x00007ffa18bc5000 	C:\WINDOWS\SYSTEM32\ntdll.dll
0x00007ffa18450000 - 0x00007ffa1850d000 	C:\WINDOWS\System32\KERNEL32.DLL
0x00007ffa161a0000 - 0x00007ffa16468000 	C:\WINDOWS\System32\KERNELBASE.dll
0x00007ffa182a0000 - 0x00007ffa1834c000 	C:\WINDOWS\System32\ADVAPI32.dll
0x00007ffa183b0000 - 0x00007ffa1844e000 	C:\WINDOWS\System32\msvcrt.dll
0x00007ffa17110000 - 0x00007ffa171ab000 	C:\WINDOWS\System32\sechost.dll
0x00007ffa18860000 - 0x00007ffa1898b000 	C:\WINDOWS\System32\RPCRT4.dll
0x00007ffa18640000 - 0x00007ffa187e0000 	C:\WINDOWS\System32\USER32.dll
0x00007ffa16110000 - 0x00007ffa16132000 	C:\WINDOWS\System32\win32u.dll
0x00007ffa16a30000 - 0x00007ffa16a5a000 	C:\WINDOWS\System32\GDI32.dll
0x00007ffa16920000 - 0x00007ffa16a2b000 	C:\WINDOWS\System32\gdi32full.dll
0x00007ffa16570000 - 0x00007ffa1660d000 	C:\WINDOWS\System32\msvcp_win.dll
0x00007ffa16470000 - 0x00007ffa16570000 	C:\WINDOWS\System32\ucrtbase.dll
0x00007ffa026e0000 - 0x00007ffa0297a000 	C:\WINDOWS\WinSxS\amd64_microsoft.windows.common-controls_6595b64144ccf1df_6.0.19041.844_none_ca00b6081b84eb1d\COMCTL32.dll
0x00007ffa171b0000 - 0x00007ffa171e0000 	C:\WINDOWS\System32\IMM32.DLL
0x000000005e410000 - 0x000000005e4e2000 	C:\Program Files\Android\Android Studio\jre\jre\bin\msvcr100.dll
0x000000005d8b0000 - 0x000000005e0fb000 	C:\Program Files\Android\Android Studio\jre\jre\bin\server\jvm.dll
0x00007ffa16cc0000 - 0x00007ffa16cc8000 	C:\WINDOWS\System32\PSAPI.DLL
0x00007ffa01870000 - 0x00007ffa01879000 	C:\WINDOWS\SYSTEM32\WSOCK32.dll
0x00007ffa17930000 - 0x00007ffa1799b000 	C:\WINDOWS\System32\WS2_32.dll
0x00007ffa0ab20000 - 0x00007ffa0ab47000 	C:\WINDOWS\SYSTEM32\WINMM.dll
0x00007ffa0fd20000 - 0x00007ffa0fd2a000 	C:\WINDOWS\SYSTEM32\VERSION.dll
0x00007ffa00fd0000 - 0x00007ffa00fdf000 	C:\Program Files\Android\Android Studio\jre\jre\bin\verify.dll
0x00007ff9ec4e0000 - 0x00007ff9ec509000 	C:\Program Files\Android\Android Studio\jre\jre\bin\java.dll
0x00007ff9f63c0000 - 0x00007ff9f63d6000 	C:\Program Files\Android\Android Studio\jre\jre\bin\zip.dll
0x00007ffa171e0000 - 0x00007ffa17922000 	C:\WINDOWS\System32\SHELL32.dll
0x00007ffa14260000 - 0x00007ffa149f0000 	C:\WINDOWS\SYSTEM32\windows.storage.dll
0x00007ffa16d80000 - 0x00007ffa170d5000 	C:\WINDOWS\System32\combase.dll
0x00007ffa15ab0000 - 0x00007ffa15adc000 	C:\WINDOWS\SYSTEM32\Wldp.dll
0x00007ffa18190000 - 0x00007ffa1823e000 	C:\WINDOWS\System32\SHCORE.dll
0x00007ffa16b80000 - 0x00007ffa16bd5000 	C:\WINDOWS\System32\shlwapi.dll
0x00007ffa16050000 - 0x00007ffa1606f000 	C:\WINDOWS\SYSTEM32\profapi.dll
0x00007ff9ec460000 - 0x00007ff9ec47a000 	C:\Program Files\Android\Android Studio\jre\jre\bin\net.dll
0x00007ffa15820000 - 0x00007ffa1588a000 	C:\WINDOWS\system32\mswsock.dll
0x00007ff9ec440000 - 0x00007ff9ec453000 	C:\Program Files\Android\Android Studio\jre\jre\bin\nio.dll
0x00007ff9ec890000 - 0x00007ff9ec8b6000 	C:\Users\vadal\.gradle\native\fdc75f09e3144964f2cf3f50f0aa648679c211496f362492102eb8c894070792\windows-amd64\native-platform.dll
0x00007ff9defe0000 - 0x00007ff9df171000 	C:\Users\vadal\.gradle\native\12488b8bf47d2d4c9fbf2f6322a914ad602e24e48041cd04a747c6da556b65c4\windows-amd64\native-platform-file-events.dll
0x00007ff9ffb20000 - 0x00007ff9ffb2d000 	C:\Program Files\Android\Android Studio\jre\jre\bin\management.dll
0x00007ffa159f0000 - 0x00007ffa15a08000 	C:\WINDOWS\SYSTEM32\CRYPTSP.dll
0x00007ffa151c0000 - 0x00007ffa151f4000 	C:\WINDOWS\system32\rsaenh.dll
0x00007ffa16820000 - 0x00007ffa16847000 	C:\WINDOWS\System32\bcrypt.dll
0x00007ffa15fd0000 - 0x00007ffa15ffe000 	C:\WINDOWS\SYSTEM32\USERENV.dll
0x00007ffa16850000 - 0x00007ffa168d0000 	C:\WINDOWS\System32\bcryptprimitives.dll
0x00007ffa15a10000 - 0x00007ffa15a1c000 	C:\WINDOWS\SYSTEM32\CRYPTBASE.dll
0x00007ffa15510000 - 0x00007ffa1554b000 	C:\WINDOWS\SYSTEM32\IPHLPAPI.DLL
0x00007ffa170e0000 - 0x00007ffa170e8000 	C:\WINDOWS\System32\NSI.dll
0x00007ffa10180000 - 0x00007ffa10197000 	C:\WINDOWS\SYSTEM32\dhcpcsvc6.DLL
0x00007ffa10160000 - 0x00007ffa1017d000 	C:\WINDOWS\SYSTEM32\dhcpcsvc.DLL
0x00007ffa15550000 - 0x00007ffa1561c000 	C:\WINDOWS\SYSTEM32\DNSAPI.dll
0x00007ffa11210000 - 0x00007ffa1121b000 	C:\WINDOWS\SYSTEM32\WINNSI.DLL

VM Arguments:
jvm_args: -XX:MaxMetaspaceSize=256m -XX:+HeapDumpOnOutOfMemoryError -Xms256m -Xmx512m -Dfile.encoding=windows-1252 -Duser.country=IN -Duser.language=en -Duser.variant 
java_command: org.gradle.launcher.daemon.bootstrap.GradleDaemon 6.7
java_class_path (initial): C:\Users\vadal\.gradle\wrapper\dists\gradle-6.7-all\cuy9mc7upwgwgeb72wkcrupxe\gradle-6.7\lib\gradle-launcher-6.7.jar
Launcher Type: SUN_STANDARD

Environment Variables:
JAVA_HOME=C:\Program Files\OpenJDK\openjdk-8u272-b10
PATH=C:\ProgramData\Anaconda3;C:\ProgramData\Anaconda3\Library\mingw-w64\bin;C:\ProgramData\Anaconda3\Library\usr\bin;C:\ProgramData\Anaconda3\Library\bin;C:\ProgramData\Anaconda3\Scripts;C:\Windows\system32;C:\Windows;C:\Windows\System32\Wbem;C:\Windows\System32\WindowsPowerShell\v1.0\;C:\Program Files (x86)\NVIDIA Corporation\PhysX\Common;C:\WINDOWS\system32;C:\WINDOWS;C:\WINDOWS\System32\Wbem;C:\WINDOWS\System32\WindowsPowerShell\v1.0\;C:\WINDOWS\System32\OpenSSH\;C:\Program Files\NVIDIA Corporation\NVIDIA NvDLISR;C:\Program Files\OpenJDK\openjdk-8u272-b10;C:\ProgramData\chocolatey\bin;C:\Program Files\nodejs\;C:\Program Files\OpenJDK\openjdk-8u272-b10\bin;C:\Program Files\Git\cmd;%LOCALAPPDATA%\Android\Sdk;%LOCALAPPDATA%\Android\Sdk\platform-tools;C:\Users\vadal\AppData\Local\Programs\Python\Python38-32\Scripts\;C:\Users\vadal\AppData\Local\Programs\Python\Python38-32\;C:\Users\vadal\AppData\Local\Microsoft\WindowsApps;C:\Users\vadal\AppData\Local\Programs\Microsoft VS Code\bin;C:\Program Files (x86)\CodeBlocks\MinGW\bin;C:\Users\vadal\AppData\Roaming\npm;C:\Users\vadal\AppData\Local\Android\Sdk;C:\Users\vadal\AppData\Local\Android\Sdk\platform-tools;
USERNAME=YASH VADALIYA
OS=Windows_NT
PROCESSOR_IDENTIFIER=Intel64 Family 6 Model 142 Stepping 9, GenuineIntel



---------------  S Y S T E M  ---------------

OS: Windows 10.0 , 64 bit Build 19041 (10.0.19041.928)

CPU:total 4 (initial active 4) (2 cores per cpu, 2 threads per core) family 6 model 142 stepping 9, cmov, cx8, fxsr, mmx, sse, sse2, sse3, ssse3, sse4.1, sse4.2, popcnt, avx, avx2, aes, clmul, erms, 3dnowpref, lzcnt, ht, tsc, tscinvbit, bmi1, bmi2, adx

Memory: 4k page, physical 8260324k(299240k free), swap 33426148k(7044k free)

vm_info: OpenJDK 64-Bit Server VM (25.242-b01) for windows-amd64 JRE (1.8.0_242-release-1644-b01), built by "builder" with MS VC++ 10.0 (VS2010)

time: Wed Jun 02 18:50:08 2021
timezone: India Standard Time
elapsed time: 1184 seconds (0d 0h 19m 44s)

